# JRE version: Java(TM) SE Runtime Environment (24.0.2+12) (build 24.0.2+12-54)
# Java VM: Java HotSpot(TM) 64-Bit Server VM (24.0.2+12-54, mixed mode, sharing, tiered, compressed oops, compressed class ptrs, g1 gc, windows-amd64)
GC Precious Log:
 CardTable entry size: 512
 Card Set container configuration: InlinePtr #cards 5 size 8 Array Of Cards #cards 10 size 36 Howl #buckets 4 coarsen threshold 1843 Howl Bitmap #cards 512 size 80 coarsen threshold 460 Card regions per heap region 1 cards per card region 2048
 CPUs: 12 total, 12 available
 Memory: 7835M
 Large Page Support: Disabled
 NUMA Support: Disabled
 Compressed Oops: Enabled (32-bit)
 Heap Region Size: 1M
 Heap Min Capacity: 8M
 Heap Initial Capacity: 124M
 Heap Max Capacity: 1960M
 Pre-touch: Disabled
 Parallel Workers: 10
 Concurrent Workers: 3
 Concurrent Refinement Workers: 10
 Periodic GC: Disabled
Heap:
 garbage-first heap   total reserved 2007040K, committed 66560K, used 23473K [0x0000000085800000, 0x0000000100000000)
  region size 1024K, 2 young (2048K), 1 survivors (1024K)
 Metaspace       used 25697K, committed 26048K, reserved 1114112K
  class space    used 2548K, committed 2688K, reserved 1048576K
GC Heap History (13 events):
Event: 1.953 GC heap before
{Heap before GC invocations=0 (full 0):
 garbage-first heap   total reserved 2007040K, committed 129024K, used 49268K [0x0000000085800000, 0x0000000100000000)
  region size 1024K, 47 young (48128K), 0 survivors (0K)
 Metaspace       used 9635K, committed 9856K, reserved 1114112K
  class space    used 875K, committed 1024K, reserved 1048576K
}
Event: 1.962 GC heap after
{Heap after GC invocations=1 (full 0):
 garbage-first heap   total reserved 2007040K, committed 129024K, used 5876K [0x0000000085800000, 0x0000000100000000)
  region size 1024K, 5 young (5120K), 5 survivors (5120K)
 Metaspace       used 9635K, committed 9856K, reserved 1114112K
  class space    used 875K, committed 1024K, reserved 1048576K
}
Event: 3.411 GC heap before
{Heap before GC invocations=1 (full 0):
 garbage-first heap   total reserved 2007040K, committed 129024K, used 60148K [0x0000000085800000, 0x0000000100000000)
  region size 1024K, 58 young (59392K), 5 survivors (5120K)
 Metaspace       used 15883K, committed 16192K, reserved 1114112K
  class space    used 1568K, committed 1728K, reserved 1048576K
}
Event: 3.425 GC heap after
{Heap after GC invocations=2 (full 0):
 garbage-first heap   total reserved 2007040K, committed 129024K, used 10808K [0x0000000085800000, 0x0000000100000000)
  region size 1024K, 5 young (5120K), 5 survivors (5120K)
 Metaspace       used 15883K, committed 16192K, reserved 1114112K
  class space    used 1568K, committed 1728K, reserved 1048576K
}
Event: 5.197 GC heap before
{Heap before GC invocations=2 (full 0):
 garbage-first heap   total reserved 2007040K, committed 129024K, used 38456K [0x0000000085800000, 0x0000000100000000)
  region size 1024K, 33 young (33792K), 5 survivors (5120K)
 Metaspace       used 21187K, committed 21504K, reserved 1114112K
  class space    used 2113K, committed 2304K, reserved 1048576K
}
Event: 5.207 GC heap after
{Heap after GC invocations=3 (full 0):
 garbage-first heap   total reserved 2007040K, committed 129024K, used 13437K [0x0000000085800000, 0x0000000100000000)
  region size 1024K, 8 young (8192K), 8 survivors (8192K)
 Metaspace       used 21187K, committed 21504K, reserved 1114112K
  class space    used 2113K, committed 2304K, reserved 1048576K
}
Event: 5.946 GC heap before
{Heap before GC invocations=4 (full 0):
 garbage-first heap   total reserved 2007040K, committed 51200K, used 49277K [0x0000000085800000, 0x0000000100000000)
  region size 1024K, 43 young (44032K), 8 survivors (8192K)
 Metaspace       used 25522K, committed 25856K, reserved 1114112K
  class space    used 2537K, committed 2688K, reserved 1048576K
}
Event: 8.982 GC heap after
{Heap after GC invocations=5 (full 0):
 garbage-first heap   total reserved 2007040K, committed 66560K, used 20863K [0x0000000085800000, 0x0000000100000000)
  region size 1024K, 10 young (10240K), 10 survivors (10240K)
 Metaspace       used 25522K, committed 25856K, reserved 1114112K
  class space    used 2537K, committed 2688K, reserved 1048576K
}
Event: 8.988 GC heap before
{Heap before GC invocations=5 (full 0):
 garbage-first heap   total reserved 2007040K, committed 66560K, used 21887K [0x0000000085800000, 0x0000000100000000)
  region size 1024K, 11 young (11264K), 10 survivors (10240K)
 Metaspace       used 25524K, committed 25856K, reserved 1114112K
  class space    used 2537K, committed 2688K, reserved 1048576K
}
Event: 9.003 GC heap after
{Heap after GC invocations=6 (full 0):
 garbage-first heap   total reserved 2007040K, committed 66560K, used 22467K [0x0000000085800000, 0x0000000100000000)
  region size 1024K, 1 young (1024K), 1 survivors (1024K)
 Metaspace       used 25524K, committed 25856K, reserved 1114112K
  class space    used 2537K, committed 2688K, reserved 1048576K
}
Event: 9.006 GC heap before
{Heap before GC invocations=6 (full 0):
 garbage-first heap   total reserved 2007040K, committed 66560K, used 25539K [0x0000000085800000, 0x0000000100000000)
  region size 1024K, 4 young (4096K), 1 survivors (1024K)
 Metaspace       used 25524K, committed 25856K, reserved 1114112K
  class space    used 2537K, committed 2688K, reserved 1048576K
}
Event: 9.008 GC heap after
{Heap after GC invocations=7 (full 0):
 garbage-first heap   total reserved 2007040K, committed 66560K, used 22421K [0x0000000085800000, 0x0000000100000000)
  region size 1024K, 1 young (1024K), 1 survivors (1024K)
 Metaspace       used 25524K, committed 25856K, reserved 1114112K
  class space    used 2537K, committed 2688K, reserved 1048576K
}
Event: 9.079 GC heap before
{Heap before GC invocations=7 (full 0):
 garbage-first heap   total reserved 2007040K, committed 66560K, used 29589K [0x0000000085800000, 0x0000000100000000)
  region size 1024K, 8 young (8192K), 1 survivors (1024K)
 Metaspace       used 25650K, committed 26048K, reserved 1114112K
  class space    used 2548K, committed 2688K, reserved 1048576K
}

