# JRE version: Java(TM) SE Runtime Environment (24.0.2+12) (build 24.0.2+12-54)
# Java VM: Java HotSpot(TM) 64-Bit Server VM (24.0.2+12-54, mixed mode, sharing, tiered, compressed oops, compressed class ptrs, g1 gc, windows-amd64)
GC Precious Log:
 CardTable entry size: 512
 Card Set container configuration: InlinePtr #cards 5 size 8 Array Of Cards #cards 10 size 36 Howl #buckets 4 coarsen threshold 1843 Howl Bitmap #cards 512 size 80 coarsen threshold 460 Card regions per heap region 1 cards per card region 2048
 CPUs: 12 total, 12 available
 Memory: 7835M
 Large Page Support: Disabled
 NUMA Support: Disabled
 Compressed Oops: Enabled (32-bit)
 Heap Region Size: 1M
 Heap Min Capacity: 8M
 Heap Initial Capacity: 124M
 Heap Max Capacity: 1960M
 Pre-touch: Disabled
 Parallel Workers: 10
 Concurrent Workers: 3
 Concurrent Refinement Workers: 10
 Periodic GC: Disabled
Heap:
 garbage-first heap   total reserved 2007040K, committed 79872K, used 31879K [0x0000000085800000, 0x0000000100000000)
  region size 1024K, 3 young (3072K), 1 survivors (1024K)
 Metaspace       used 28347K, committed 28736K, reserved 1114112K
  class space    used 2806K, committed 3008K, reserved 1048576K
GC Heap History (12 events):
Event: 1.131 GC heap before
{Heap before GC invocations=0 (full 0):
 garbage-first heap   total reserved 2007040K, committed 129024K, used 49268K [0x0000000085800000, 0x0000000100000000)
  region size 1024K, 47 young (48128K), 0 survivors (0K)
 Metaspace       used 9592K, committed 9792K, reserved 1114112K
  class space    used 871K, committed 960K, reserved 1048576K
}
Event: 1.136 GC heap after
{Heap after GC invocations=1 (full 0):
 garbage-first heap   total reserved 2007040K, committed 129024K, used 5663K [0x0000000085800000, 0x0000000100000000)
  region size 1024K, 5 young (5120K), 5 survivors (5120K)
 Metaspace       used 9592K, committed 9792K, reserved 1114112K
  class space    used 871K, committed 960K, reserved 1048576K
}
Event: 2.231 GC heap before
{Heap before GC invocations=1 (full 0):
 garbage-first heap   total reserved 2007040K, committed 129024K, used 59935K [0x0000000085800000, 0x0000000100000000)
  region size 1024K, 58 young (59392K), 5 survivors (5120K)
 Metaspace       used 15822K, committed 16064K, reserved 1114112K
  class space    used 1564K, committed 1664K, reserved 1048576K
}
Event: 2.243 GC heap after
{Heap after GC invocations=2 (full 0):
 garbage-first heap   total reserved 2007040K, committed 129024K, used 10234K [0x0000000085800000, 0x0000000100000000)
  region size 1024K, 5 young (5120K), 5 survivors (5120K)
 Metaspace       used 15822K, committed 16064K, reserved 1114112K
  class space    used 1564K, committed 1664K, reserved 1048576K
}
Event: 2.819 GC heap before
{Heap before GC invocations=2 (full 0):
 garbage-first heap   total reserved 2007040K, committed 129024K, used 37882K [0x0000000085800000, 0x0000000100000000)
  region size 1024K, 33 young (33792K), 5 survivors (5120K)
 Metaspace       used 21196K, committed 21504K, reserved 1114112K
  class space    used 2113K, committed 2240K, reserved 1048576K
}
Event: 2.828 GC heap after
{Heap after GC invocations=3 (full 0):
 garbage-first heap   total reserved 2007040K, committed 129024K, used 12824K [0x0000000085800000, 0x0000000100000000)
  region size 1024K, 8 young (8192K), 8 survivors (8192K)
 Metaspace       used 21196K, committed 21504K, reserved 1114112K
  class space    used 2113K, committed 2240K, reserved 1048576K
}
Event: 3.611 GC heap before
{Heap before GC invocations=4 (full 0):
 garbage-first heap   total reserved 2007040K, committed 51200K, used 48664K [0x0000000085800000, 0x0000000100000000)
  region size 1024K, 43 young (44032K), 8 survivors (8192K)
 Metaspace       used 25489K, committed 25856K, reserved 1114112K
  class space    used 2534K, committed 2688K, reserved 1048576K
}
Event: 3.634 GC heap after
{Heap after GC invocations=5 (full 0):
 garbage-first heap   total reserved 2007040K, committed 66560K, used 20720K [0x0000000085800000, 0x0000000100000000)
  region size 1024K, 10 young (10240K), 10 survivors (10240K)
 Metaspace       used 25489K, committed 25856K, reserved 1114112K
  class space    used 2534K, committed 2688K, reserved 1048576K
}
Event: 4.109 GC heap before
{Heap before GC invocations=5 (full 0):
 garbage-first heap   total reserved 2007040K, committed 66560K, used 48368K [0x0000000085800000, 0x0000000100000000)
  region size 1024K, 37 young (37888K), 10 survivors (10240K)
 Metaspace       used 27291K, committed 27584K, reserved 1114112K
  class space    used 2737K, committed 2880K, reserved 1048576K
}
Event: 4.125 GC heap after
{Heap after GC invocations=6 (full 0):
 garbage-first heap   total reserved 2007040K, committed 66560K, used 25729K [0x0000000085800000, 0x0000000100000000)
  region size 1024K, 5 young (5120K), 5 survivors (5120K)
 Metaspace       used 27291K, committed 27584K, reserved 1114112K
  class space    used 2737K, committed 2880K, reserved 1048576K
}
Event: 4.482 GC heap before
{Heap before GC invocations=6 (full 0):
 garbage-first heap   total reserved 2007040K, committed 66560K, used 50305K [0x0000000085800000, 0x0000000100000000)
  region size 1024K, 29 young (29696K), 5 survivors (5120K)
 Metaspace       used 27938K, committed 28224K, reserved 1114112K
  class space    used 2779K, committed 2880K, reserved 1048576K
}
Event: 4.493 GC heap after
{Heap after GC invocations=7 (full 0):
 garbage-first heap   total reserved 2007040K, committed 66560K, used 28289K [0x0000000085800000, 0x0000000100000000)
  region size 1024K, 3 young (3072K), 3 survivors (3072K)
 Metaspace       used 27938K, committed 28224K, reserved 1114112K
  class space    used 2779K, committed 2880K, reserved 1048576K
}

